<?xml version="1.0" encoding="UTF-8"?>
<testsuite xmlns:xsi="http://www.w3.org/2001/XMLSchema-instance" xsi:noNamespaceSchemaLocation="https://maven.apache.org/surefire/maven-surefire-plugin/xsd/surefire-test-report-3.0.xsd" version="3.0" name="com.stockpulse.service.ProductServiceIntegrationTest" time="9.918" tests="2" errors="0" skipped="0" failures="2">
  <properties>
[...]
</properties>
  <testcase name="testOrderDecreasesStockAndTriggersInventoryLow" classname="com.stockpulse.service.ProductServiceIntegrationTest" time="0.231">
    <failure message="&#10;Wanted but not invoked:&#10;org.springframework.context.ApplicationEventPublisher#0 bean.publishEvent(&#10;    &lt;any&gt;&#10;);&#10;-&gt; at com.stockpulse.service.ProductServiceIntegrationTest.testOrderDecreasesStockAndTriggersInventoryLow(ProductServiceIntegrationTest.java:65)&#10;Actually, there were zero interactions with this mock.&#10;" type="Wanted but not invoked"><![CDATA[Wanted but not invoked:
org.springframework.context.ApplicationEventPublisher#0 bean.publishEvent(
    <any>
);
-> at com.stockpulse.service.ProductServiceIntegrationTest.testOrderDecreasesStockAndTriggersInventoryLow(ProductServiceIntegrationTest.java:65)
Actually, there were zero interactions with this mock.

	at com.stockpulse.service.ProductServiceIntegrationTest.testOrderDecreasesStockAndTriggersInventoryLow(ProductServiceIntegrationTest.java:65)
	at java.base/java.lang.reflect.Method.invoke(Unknown Source)
	at java.base/java.util.ArrayList.forEach(Unknown Source)
	at java.base/java.util.ArrayList.forEach(Unknown Source)
]]></failure>
    <system-out><![CDATA[12:56:48.321 [main] INFO org.springframework.test.context.support.AnnotationConfigContextLoaderUtils -- Could not detect default configuration classes for test class [com.stockpulse.service.ProductServiceIntegrationTest]: ProductServiceIntegrationTest does not declare any static, non-private, non-final, nested classes annotated with @Configuration.
12:56:48.518 [main] INFO org.springframework.boot.test.context.SpringBootTestContextBootstrapper -- Found @SpringBootConfiguration com.stockpulse.StockPulseApplication for test class com.stockpulse.service.ProductServiceIntegrationTest

  .   ____          _            __ _ _
 /\\ / ___'_ __ _ _(_)_ __  __ _ \ \ \ \
( ( )\___ | '_ | '_| | '_ \/ _` | \ \ \ \
 \\/  ___)| |_)| | | | | || (_| |  ) ) ) )
  '  |____| .__|_| |_|_| |_\__, | / / / /
 =========|_|==============|___/=/_/_/_/
 :: Spring Boot ::                (v3.2.5)

2026-08-24T12:56:48.992+05:30  INFO 14832 --- [stockpulse-backend] [           main] c.s.s.ProductServiceIntegrationTest      : Starting ProductServiceIntegrationTest using Java 21.0.11 with PID 14832 (started by zycus in C:\Stock-pulse\backend)
2026-08-24T12:56:48.992+05:30 DEBUG 14832 --- [stockpulse-backend] [           main] c.s.s.ProductServiceIntegrationTest      : Running with Spring Boot v3.2.5, Spring v6.1.6
2026-08-24T12:56:48.992+05:30  INFO 14832 --- [stockpulse-backend] [           main] c.s.s.ProductServiceIntegrationTest      : No active profile set, falling back to 1 default profile: "default"
2026-08-24T12:56:50.372+05:30  INFO 14832 --- [stockpulse-backend] [           main] .s.d.r.c.RepositoryConfigurationDelegate : Bootstrapping Spring Data JPA repositories in DEFAULT mode.
2026-08-24T12:56:50.803+05:30  INFO 14832 --- [stockpulse-backend] [           main] .s.d.r.c.RepositoryConfigurationDelegate : Finished Spring Data repository scanning in 412 ms. Found 3 JPA repository interfaces.
2026-08-24T12:56:52.078+05:30  INFO 14832 --- [stockpulse-backend] [           main] o.hibernate.jpa.internal.util.LogHelper  : HHH000204: Processing PersistenceUnitInfo [name: default]
2026-08-24T12:56:52.256+05:30  INFO 14832 --- [stockpulse-backend] [           main] org.hibernate.Version                    : HHH000412: Hibernate ORM core version 6.4.4.Final
2026-08-24T12:56:52.339+05:30  INFO 14832 --- [stockpulse-backend] [           main] o.h.c.internal.RegionFactoryInitiator    : HHH000026: Second-level cache disabled
2026-08-24T12:56:52.541+05:30  INFO 14832 --- [stockpulse-backend] [           main] o.s.o.j.p.SpringPersistenceUnitInfo      : No LoadTimeWeaver setup: ignoring JPA class transformer
2026-08-24T12:56:52.586+05:30  INFO 14832 --- [stockpulse-backend] [           main] com.zaxxer.hikari.HikariDataSource       : HikariPool-1 - Starting...
2026-08-24T12:56:52.935+05:30  INFO 14832 --- [stockpulse-backend] [           main] com.zaxxer.hikari.pool.HikariPool        : HikariPool-1 - Added connection conn0: url=jdbc:h2:mem:stockpulsedb user=SA
2026-08-24T12:56:52.936+05:30  INFO 14832 --- [stockpulse-backend] [           main] com.zaxxer.hikari.HikariDataSource       : HikariPool-1 - Start completed.
2026-08-24T12:56:52.953+05:30  WARN 14832 --- [stockpulse-backend] [           main] org.hibernate.orm.deprecation            : HHH90000025: H2Dialect does not need to be specified explicitly using 'hibernate.dialect' (remove the property setting and it will be selected by default)
2026-08-24T12:56:54.335+05:30  INFO 14832 --- [stockpulse-backend] [           main] o.h.e.t.j.p.i.JtaPlatformInitiator       : HHH000489: No JTA platform available (set 'hibernate.transaction.jta.platform' to enable JTA platform integration)
2026-08-24T12:56:54.458+05:30  INFO 14832 --- [stockpulse-backend] [           main] j.LocalContainerEntityManagerFactoryBean : Initialized JPA EntityManagerFactory for persistence unit 'default'
2026-08-24T12:56:55.542+05:30  INFO 14832 --- [stockpulse-backend] [           main] o.s.d.j.r.query.QueryEnhancerFactory     : Hibernate is in classpath; If applicable, HQL parser will be used.
2026-08-24T12:56:56.807+05:30  WARN 14832 --- [stockpulse-backend] [           main] JpaBaseConfiguration$JpaWebConfiguration : spring.jpa.open-in-view is enabled by default. Therefore, database queries may be performed during view rendering. Explicitly configure spring.jpa.open-in-view to disable this warning
2026-08-24T12:56:57.304+05:30  INFO 14832 --- [stockpulse-backend] [           main] o.s.b.a.h2.H2ConsoleAutoConfiguration    : H2 console available at '/h2-console'. Database available at 'jdbc:h2:mem:stockpulsedb'
2026-08-24T12:56:57.423+05:30  INFO 14832 --- [stockpulse-backend] [           main] c.s.s.ProductServiceIntegrationTest      : Started ProductServiceIntegrationTest in 8.75 seconds (process running for 11.275)
2026-08-24T12:56:57.754+05:30  INFO 14832 --- [stockpulse-backend] [           main] com.stockpulse.config.DataSeeder         : Seeded 8 products successfully.
2026-08-24T12:56:57.922+05:30  INFO 14832 --- [stockpulse-backend] [           main] com.stockpulse.service.ProductService    : Processed order for product PRD-004: remaining stock = 7, velocity = 31.5
2026-08-24T12:56:57.971+05:30  INFO 14832 --- [stockpulse-backend] [           main] com.stockpulse.service.ProductService    : Signal detected: INVENTORY_LOW for product PRD-004 (Stock: 7 < Threshold: 10)
2026-08-24T12:56:57.971+05:30  INFO 14832 --- [stockpulse-backend] [ckpulse-async-1] c.stockpulse.event.StockSignalListener   : [ASYNC] Processing signal INVENTORY_LOW for product PRD-004
]]></system-out>
  </testcase>
  <testcase name="testDemandSpikeDetection" classname="com.stockpulse.service.ProductServiceIntegrationTest" time="0.011">
    <failure message="&#10;Wanted but not invoked:&#10;org.springframework.context.ApplicationEventPublisher#0 bean.publishEvent(&#10;    &lt;any&gt;&#10;);&#10;-&gt; at com.stockpulse.service.ProductServiceIntegrationTest.testDemandSpikeDetection(ProductServiceIntegrationTest.java:76)&#10;Actually, there were zero interactions with this mock.&#10;" type="Wanted but not invoked"><![CDATA[Wanted but not invoked:
org.springframework.context.ApplicationEventPublisher#0 bean.publishEvent(
    <any>
);
-> at com.stockpulse.service.ProductServiceIntegrationTest.testDemandSpikeDetection(ProductServiceIntegrationTest.java:76)
Actually, there were zero interactions with this mock.

	at com.stockpulse.service.ProductServiceIntegrationTest.testDemandSpikeDetection(ProductServiceIntegrationTest.java:76)
	at java.base/java.lang.reflect.Method.invoke(Unknown Source)
	at java.base/java.util.ArrayList.forEach(Unknown Source)
	at java.base/java.util.ArrayList.forEach(Unknown Source)
]]></failure>
    <system-out><![CDATA[2026-08-24T12:56:58.057+05:30  INFO 14832 --- [stockpulse-backend] [           main] com.stockpulse.service.ProductService    : Processed order for product PRD-004: remaining stock = 15, velocity = 19.5
]]></system-out>
  </testcase>
</testsuite>